Build started 22-Dec-15 11:27:26 AM.
     1>Project "E:\WorkspaceVS2013\ImageSequencePlayerGif\build\SequencePlayerGIF.vcxproj" on node 2 (Rebuild target(s)).
     1>C:\Program Files (x86)\MSBuild\Microsoft.Cpp\v4.0\V120\Microsoft.CppBuild.targets(388,5): warning MSB8028: The intermediate directory (SequencePlayerGIF.dir\Debug\) contains files shared from another project (SequencePlayerGIF.vcxproj).  This can lead to incorrect clean and rebuild behavior.
     1>PreBuildEvent:
         setlocal
         cd E:\WorkspaceVS2013\ImageSequencePlayerGIF\build
         if %errorlevel% neq 0 goto :cmEnd
         E:
         if %errorlevel% neq 0 goto :cmEnd
         "C:\Program Files (x86)\CMake\bin\cmake.exe" -E cmake_autogen E:/WorkspaceVS2013/ImageSequencePlayerGIF/build/CMakeFiles/SequencePlayerGIF_automoc.dir/ Debug
         if %errorlevel% neq 0 goto :cmEnd
         :cmEnd
         endlocal & call :cmErrorLevel %errorlevel% & goto :cmDone
         :cmErrorLevel
         exit /b %1
         :cmDone
         if %errorlevel% neq 0 goto :VCEnd
         :VCEnd
     1>EXEC : CMake error : Error processing file: E:/WorkspaceVS2013/ImageSequencePlayerGIF/build/CMakeFiles/SequencePlayerGIF_automoc.dir/AutogenInfo.cmake
     1>C:\Program Files (x86)\MSBuild\Microsoft.Cpp\v4.0\V120\Microsoft.CppCommon.targets(122,5): error MSB3073: The command "setlocal
C:\Program Files (x86)\MSBuild\Microsoft.Cpp\v4.0\V120\Microsoft.CppCommon.targets(122,5): error MSB3073: cd E:\WorkspaceVS2013\ImageSequencePlayerGIF\build
C:\Program Files (x86)\MSBuild\Microsoft.Cpp\v4.0\V120\Microsoft.CppCommon.targets(122,5): error MSB3073: if %errorlevel% neq 0 goto :cmEnd
C:\Program Files (x86)\MSBuild\Microsoft.Cpp\v4.0\V120\Microsoft.CppCommon.targets(122,5): error MSB3073: E:
C:\Program Files (x86)\MSBuild\Microsoft.Cpp\v4.0\V120\Microsoft.CppCommon.targets(122,5): error MSB3073: if %errorlevel% neq 0 goto :cmEnd
C:\Program Files (x86)\MSBuild\Microsoft.Cpp\v4.0\V120\Microsoft.CppCommon.targets(122,5): error MSB3073: "C:\Program Files (x86)\CMake\bin\cmake.exe" -E cmake_autogen E:/WorkspaceVS2013/ImageSequencePlayerGIF/build/CMakeFiles/SequencePlayerGIF_automoc.dir/ Debug
C:\Program Files (x86)\MSBuild\Microsoft.Cpp\v4.0\V120\Microsoft.CppCommon.targets(122,5): error MSB3073: if %errorlevel% neq 0 goto :cmEnd
C:\Program Files (x86)\MSBuild\Microsoft.Cpp\v4.0\V120\Microsoft.CppCommon.targets(122,5): error MSB3073: :cmEnd
C:\Program Files (x86)\MSBuild\Microsoft.Cpp\v4.0\V120\Microsoft.CppCommon.targets(122,5): error MSB3073: endlocal & call :cmErrorLevel %errorlevel% & goto :cmDone
C:\Program Files (x86)\MSBuild\Microsoft.Cpp\v4.0\V120\Microsoft.CppCommon.targets(122,5): error MSB3073: :cmErrorLevel
C:\Program Files (x86)\MSBuild\Microsoft.Cpp\v4.0\V120\Microsoft.CppCommon.targets(122,5): error MSB3073: exit /b %1
C:\Program Files (x86)\MSBuild\Microsoft.Cpp\v4.0\V120\Microsoft.CppCommon.targets(122,5): error MSB3073: :cmDone
C:\Program Files (x86)\MSBuild\Microsoft.Cpp\v4.0\V120\Microsoft.CppCommon.targets(122,5): error MSB3073: if %errorlevel% neq 0 goto :VCEnd
C:\Program Files (x86)\MSBuild\Microsoft.Cpp\v4.0\V120\Microsoft.CppCommon.targets(122,5): error MSB3073: :VCEnd" exited with code -1.
     1>Done Building Project "E:\WorkspaceVS2013\ImageSequencePlayerGif\build\SequencePlayerGIF.vcxproj" (Rebuild target(s)) -- FAILED.

Build FAILED.

Time Elapsed 00:00:00.04
