e:\workspacevs2013\imagesequenceplayergif\build\sequenceplayergif.dir\debug\vc120.pdb
e:\workspacevs2013\imagesequenceplayergif\build\sequenceplayergif.dir\debug\sequenceplayergif_automoc.obj
e:\workspacevs2013\imagesequenceplayergif\build\sequenceplayergif.dir\debug\xmlfilereader.obj
e:\workspacevs2013\imagesequenceplayergif\build\sequenceplayergif.dir\debug\sequenceview.obj
e:\workspacevs2013\imagesequenceplayergif\build\sequenceplayergif.dir\debug\playercontrols.obj
e:\workspacevs2013\imagesequenceplayergif\build\sequenceplayergif.dir\debug\player.obj
e:\workspacevs2013\imagesequenceplayergif\build\sequenceplayergif.dir\debug\main.obj
e:\workspacevs2013\imagesequenceplayergif\build\sequenceplayergif.dir\debug\loadvideoutils.obj
e:\workspacevs2013\imagesequenceplayergif\build\sequenceplayergif.dir\debug\changecamerapositoncontrols.obj
e:\workspacevs2013\imagesequenceplayergif\build\sequenceplayergif.dir\debug\cameraviewsettings.obj
e:\workspacevs2013\imagesequenceplayergif\build\cmakefiles\generate.stamp
e:\workspacevs2013\imagesequenceplayergif\build\debug\sequenceplayergif.ilk
e:\workspacevs2013\imagesequenceplayergif\build\debug\sequenceplayergif.exe
e:\workspacevs2013\imagesequenceplayergif\build\debug\sequenceplayergif.pdb
e:\workspacevs2013\imagesequenceplayergif\build\sequenceplayergif.dir\debug\sequence.c3793a28.tlog\cl.command.1.tlog
e:\workspacevs2013\imagesequenceplayergif\build\sequenceplayergif.dir\debug\sequence.c3793a28.tlog\cl.read.1.tlog
e:\workspacevs2013\imagesequenceplayergif\build\sequenceplayergif.dir\debug\sequence.c3793a28.tlog\cl.write.1.tlog
e:\workspacevs2013\imagesequenceplayergif\build\sequenceplayergif.dir\debug\sequence.c3793a28.tlog\custombuild.command.1.tlog
e:\workspacevs2013\imagesequenceplayergif\build\sequenceplayergif.dir\debug\sequence.c3793a28.tlog\custombuild.read.1.tlog
e:\workspacevs2013\imagesequenceplayergif\build\sequenceplayergif.dir\debug\sequence.c3793a28.tlog\custombuild.write.1.tlog
e:\workspacevs2013\imagesequenceplayergif\build\sequenceplayergif.dir\debug\sequence.c3793a28.tlog\link.command.1.tlog
e:\workspacevs2013\imagesequenceplayergif\build\sequenceplayergif.dir\debug\sequence.c3793a28.tlog\link.read.1.tlog
e:\workspacevs2013\imagesequenceplayergif\build\sequenceplayergif.dir\debug\sequence.c3793a28.tlog\link.write.1.tlog
